<?xml version="1.0" encoding="UTF-8"?>
<!-- Generated by org.testng.reporters.JUnitReportReporter -->
<testsuite hostname="DESKTOP-379USB3" failures="0" tests="3" name="api.test.UserTests" time="9.715" errors="0" timestamp="2023-03-23T07:10:39 IST" skipped="0">
  <testcase classname="api.test.UserTests" name="testPostUser" time="5.151"/>
  <system-out/>
  <testcase classname="api.test.UserTests" name="testGetUserByName" time="1.553"/>
  <system-out/>
  <testcase classname="api.test.UserTests" name="testUpdateUserbyName" time="3.011"/>
  <system-out/>
</testsuite> <!-- api.test.UserTests -->
