<?xml version="1.0" encoding="UTF-8"?>
<!-- Generated by org.testng.reporters.JUnitReportReporter -->
<testsuite hostname="DESKTOP-379USB3" failures="0" tests="3" name="api.test.PetTests" time="9.282" errors="0" timestamp="2023-03-27T22:46:35 IST" skipped="0">
  <testcase classname="api.test.PetTests" name="testPostPet" time="4.818"/>
  <system-out/>
  <testcase classname="api.test.PetTests" name="testGetPet" time="2.653"/>
  <system-out/>
  <testcase classname="api.test.PetTests" name="testDeletePet" time="1.811"/>
  <system-out/>
</testsuite> <!-- api.test.PetTests -->
