<?xml version="1.0" encoding="UTF-8"?>
<!-- Generated by org.testng.reporters.JUnitReportReporter -->
<testsuite hostname="DESKTOP-379USB3" failures="0" tests="6" name="api.test.DDTests" time="12.249" errors="0" timestamp="2023-03-23T22:11:29 IST" skipped="0">
  <testcase classname="api.test.DDTests" name="testPostUser" time="1.530"/>
  <system-out/>
  <testcase classname="api.test.DDTests" name="testPostUser" time="4.802"/>
  <system-out/>
  <testcase classname="api.test.DDTests" name="testPostUser" time="1.444"/>
  <system-out/>
  <testcase classname="api.test.DDTests" name="testDeleteUser" time="1.505"/>
  <system-out/>
  <testcase classname="api.test.DDTests" name="testDeleteUser" time="1.477"/>
  <system-out/>
  <testcase classname="api.test.DDTests" name="testDeleteUser" time="1.491"/>
  <system-out/>
</testsuite> <!-- api.test.DDTests -->
