<?xml version="1.0" encoding="UTF-8"?>
<!-- Generated by org.testng.reporters.JUnitReportReporter -->
<testsuite hostname="DESKTOP-379USB3" failures="0" tests="1" name="api.test.PetTests" time="4.778" errors="0" timestamp="2023-03-24T22:00:47 IST" skipped="0">
  <testcase classname="api.test.PetTests" name="testPostPet" time="4.778"/>
  <system-out/>
</testsuite> <!-- api.test.PetTests -->
